g:\helga\programming\c++ 2nd sem\labs' solutions\zh lab c\zh lab c\debug\vc140.pdb
g:\helga\programming\c++ 2nd sem\labs' solutions\zh lab c\zh lab c\debug\vc140.idb
g:\helga\programming\c++ 2nd sem\labs' solutions\zh lab c\zh lab c\debug\application.obj
g:\helga\programming\c++ 2nd sem\labs' solutions\zh lab c\zh lab c\debug\dialog.obj
g:\helga\programming\c++ 2nd sem\labs' solutions\zh lab c\debug\zh lab c.ilk
g:\helga\programming\c++ 2nd sem\labs' solutions\zh lab c\debug\zh lab c.exe
g:\helga\programming\c++ 2nd sem\labs' solutions\zh lab c\debug\zh lab c.pdb
g:\helga\programming\c++ 2nd sem\labs' solutions\zh lab c\zh lab c\debug\zh lab c.exe.embed.manifest.res
g:\helga\programming\c++ 2nd sem\labs' solutions\zh lab c\zh lab c\debug\zh lab c.res
g:\helga\programming\c++ 2nd sem\labs' solutions\zh lab c\zh lab c\debug\application.obj.enc
g:\helga\programming\c++ 2nd sem\labs' solutions\zh lab c\zh lab c\debug\zh lab c.exe.embed.manifest
g:\helga\programming\c++ 2nd sem\labs' solutions\zh lab c\zh lab c\debug\zh lab c_manifest.rc
g:\helga\programming\c++ 2nd sem\labs' solutions\zh lab c\zh lab c\debug\zh lab c.tlog\cl.command.1.tlog
g:\helga\programming\c++ 2nd sem\labs' solutions\zh lab c\zh lab c\debug\zh lab c.tlog\cl.read.1.tlog
g:\helga\programming\c++ 2nd sem\labs' solutions\zh lab c\zh lab c\debug\zh lab c.tlog\cl.write.1.tlog
g:\helga\programming\c++ 2nd sem\labs' solutions\zh lab c\zh lab c\debug\zh lab c.tlog\link.command.1.tlog
g:\helga\programming\c++ 2nd sem\labs' solutions\zh lab c\zh lab c\debug\zh lab c.tlog\link.read.1.tlog
g:\helga\programming\c++ 2nd sem\labs' solutions\zh lab c\zh lab c\debug\zh lab c.tlog\link.write.1.tlog
g:\helga\programming\c++ 2nd sem\labs' solutions\zh lab c\zh lab c\debug\zh lab c.tlog\rc.command.1.tlog
g:\helga\programming\c++ 2nd sem\labs' solutions\zh lab c\zh lab c\debug\zh lab c.tlog\rc.read.1.tlog
g:\helga\programming\c++ 2nd sem\labs' solutions\zh lab c\zh lab c\debug\zh lab c.tlog\rc.write.1.tlog
